# JRE version: OpenJDK Runtime Environment (8.0_242-b01) (build 1.8.0_242-release-1644-b01)
# Java VM: OpenJDK 64-Bit Server VM (25.242-b01 mixed mode windows-amd64 compressed oops)
Heap:
 PSYoungGen      total 70656K, used 35969K [0x00000000e0000000, 0x00000000e6f80000, 0x0000000100000000)
  eden space 59392K, 46% used [0x00000000e0000000,0x00000000e1b133d0,0x00000000e3a00000)
  from space 11264K, 73% used [0x00000000e3a00000,0x00000000e420d3c0,0x00000000e4500000)
  to   space 11776K, 0% used [0x00000000e6400000,0x00000000e6400000,0x00000000e6f80000)
 ParOldGen       total 47616K, used 7594K [0x00000000a0000000, 0x00000000a2e80000, 0x00000000e0000000)
  object space 47616K, 15% used [0x00000000a0000000,0x00000000a076aaa0,0x00000000a2e80000)
 Metaspace       used 31684K, capacity 32476K, committed 32816K, reserved 1077248K
  class space    used 4285K, capacity 4529K, committed 4656K, reserved 1048576K
GC Heap History (10 events):
Event: 7.556 GC heap before
{Heap before GC invocations=6 (full 0):
 PSYoungGen      total 37376K, used 37344K [0x00000000e0000000, 0x00000000e3380000, 0x0000000100000000)
  eden space 32256K, 100% used [0x00000000e0000000,0x00000000e1f80000,0x00000000e1f80000)
  from space 5120K, 99% used [0x00000000e2000000,0x00000000e24f8020,0x00000000e2500000)
  to   space 10240K, 0% used [0x00000000e2980000,0x00000000e2980000,0x00000000e3380000)
 ParOldGen       total 86016K, used 7058K [0x00000000a0000000, 0x00000000a5400000, 0x00000000e0000000)
  object space 86016K, 8% used [0x00000000a0000000,0x00000000a06e4858,0x00000000a5400000)
 Metaspace       used 20529K, capacity 21172K, committed 21296K, reserved 1067008K
  class space    used 2878K, capacity 3096K, committed 3120K, reserved 1048576K
Event: 7.569 GC heap after
Heap after GC invocations=6 (full 0):
 PSYoungGen      total 41472K, used 9018K [0x00000000e0000000, 0x00000000e3500000, 0x0000000100000000)
  eden space 31232K, 0% used [0x00000000e0000000,0x00000000e0000000,0x00000000e1e80000)
  from space 10240K, 88% used [0x00000000e2980000,0x00000000e324e920,0x00000000e3380000)
  to   space 11264K, 0% used [0x00000000e1e80000,0x00000000e1e80000,0x00000000e2980000)
 ParOldGen       total 86016K, used 7066K [0x00000000a0000000, 0x00000000a5400000, 0x00000000e0000000)
  object space 86016K, 8% used [0x00000000a0000000,0x00000000a06e6858,0x00000000a5400000)
 Metaspace       used 20529K, capacity 21172K, committed 21296K, reserved 1067008K
  class space    used 2878K, capacity 3096K, committed 3120K, reserved 1048576K
}
Event: 7.584 GC heap before
{Heap before GC invocations=7 (full 0):
 PSYoungGen      total 41472K, used 10735K [0x00000000e0000000, 0x00000000e3500000, 0x0000000100000000)
  eden space 31232K, 5% used [0x00000000e0000000,0x00000000e01ad570,0x00000000e1e80000)
  from space 10240K, 88% used [0x00000000e2980000,0x00000000e324e920,0x00000000e3380000)
  to   space 11264K, 0% used [0x00000000e1e80000,0x00000000e1e80000,0x00000000e2980000)
 ParOldGen       total 86016K, used 7066K [0x00000000a0000000, 0x00000000a5400000, 0x00000000e0000000)
  object space 86016K, 8% used [0x00000000a0000000,0x00000000a06e6858,0x00000000a5400000)
 Metaspace       used 20558K, capacity 21236K, committed 21296K, reserved 1067008K
  class space    used 2886K, capacity 3096K, committed 3120K, reserved 1048576K
Event: 7.588 GC heap after
Heap after GC invocations=7 (full 0):
 PSYoungGen      total 42496K, used 4612K [0x00000000e0000000, 0x00000000e5300000, 0x0000000100000000)
  eden space 31232K, 0% used [0x00000000e0000000,0x00000000e0000000,0x00000000e1e80000)
  from space 11264K, 40% used [0x00000000e1e80000,0x00000000e2301050,0x00000000e2980000)
  to   space 11264K, 0% used [0x00000000e4800000,0x00000000e4800000,0x00000000e5300000)
 ParOldGen       total 86016K, used 9410K [0x00000000a0000000, 0x00000000a5400000, 0x00000000e0000000)
  object space 86016K, 10% used [0x00000000a0000000,0x00000000a09308a8,0x00000000a5400000)
 Metaspace       used 20558K, capacity 21236K, committed 21296K, reserved 1067008K
  class space    used 2886K, capacity 3096K, committed 3120K, reserved 1048576K
}
Event: 7.588 GC heap before
{Heap before GC invocations=8 (full 1):
 PSYoungGen      total 42496K, used 4612K [0x00000000e0000000, 0x00000000e5300000, 0x0000000100000000)
  eden space 31232K, 0% used [0x00000000e0000000,0x00000000e0000000,0x00000000e1e80000)
  from space 11264K, 40% used [0x00000000e1e80000,0x00000000e2301050,0x00000000e2980000)
  to   space 11264K, 0% used [0x00000000e4800000,0x00000000e4800000,0x00000000e5300000)
 ParOldGen       total 86016K, used 9410K [0x00000000a0000000, 0x00000000a5400000, 0x00000000e0000000)
  object space 86016K, 10% used [0x00000000a0000000,0x00000000a09308a8,0x00000000a5400000)
 Metaspace       used 20558K, capacity 21236K, committed 21296K, reserved 1067008K
  class space    used 2886K, capacity 3096K, committed 3120K, reserved 1048576K
Event: 7.638 GC heap after
Heap after GC invocations=8 (full 1):
 PSYoungGen      total 42496K, used 0K [0x00000000e0000000, 0x00000000e5300000, 0x0000000100000000)
  eden space 31232K, 0% used [0x00000000e0000000,0x00000000e0000000,0x00000000e1e80000)
  from space 11264K, 0% used [0x00000000e1e80000,0x00000000e1e80000,0x00000000e2980000)
  to   space 11264K, 0% used [0x00000000e4800000,0x00000000e4800000,0x00000000e5300000)
 ParOldGen       total 47616K, used 7578K [0x00000000a0000000, 0x00000000a2e80000, 0x00000000e0000000)
  object space 47616K, 15% used [0x00000000a0000000,0x00000000a0766aa0,0x00000000a2e80000)
 Metaspace       used 20558K, capacity 21236K, committed 21296K, reserved 1067008K
  class space    used 2886K, capacity 3096K, committed 3120K, reserved 1048576K
}
Event: 8.000 GC heap before
{Heap before GC invocations=9 (full 1):
 PSYoungGen      total 42496K, used 31232K [0x00000000e0000000, 0x00000000e5300000, 0x0000000100000000)
  eden space 31232K, 100% used [0x00000000e0000000,0x00000000e1e80000,0x00000000e1e80000)
  from space 11264K, 0% used [0x00000000e1e80000,0x00000000e1e80000,0x00000000e2980000)
  to   space 11264K, 0% used [0x00000000e4800000,0x00000000e4800000,0x00000000e5300000)
 ParOldGen       total 47616K, used 7578K [0x00000000a0000000, 0x00000000a2e80000, 0x00000000e0000000)
  object space 47616K, 15% used [0x00000000a0000000,0x00000000a0766aa0,0x00000000a2e80000)
 Metaspace       used 22351K, capacity 23132K, committed 23472K, reserved 1069056K
  class space    used 3167K, capacity 3386K, committed 3504K, reserved 1048576K
Event: 8.004 GC heap after
Heap after GC invocations=9 (full 1):
 PSYoungGen      total 67584K, used 2574K [0x00000000e0000000, 0x00000000e5000000, 0x0000000100000000)
  eden space 59392K, 0% used [0x00000000e0000000,0x00000000e0000000,0x00000000e3a00000)
  from space 8192K, 31% used [0x00000000e4800000,0x00000000e4a839f0,0x00000000e5000000)
  to   space 11264K, 0% used [0x00000000e3a00000,0x00000000e3a00000,0x00000000e4500000)
 ParOldGen       total 47616K, used 7586K [0x00000000a0000000, 0x00000000a2e80000, 0x00000000e0000000)
  object space 47616K, 15% used [0x00000000a0000000,0x00000000a0768aa0,0x00000000a2e80000)
 Metaspace       used 22351K, capacity 23132K, committed 23472K, reserved 1069056K
  class space    used 3167K, capacity 3386K, committed 3504K, reserved 1048576K
}
Event: 9.295 GC heap before
{Heap before GC invocations=10 (full 1):
 PSYoungGen      total 67584K, used 61966K [0x00000000e0000000, 0x00000000e5000000, 0x0000000100000000)
  eden space 59392K, 100% used [0x00000000e0000000,0x00000000e3a00000,0x00000000e3a00000)
  from space 8192K, 31% used [0x00000000e4800000,0x00000000e4a839f0,0x00000000e5000000)
  to   space 11264K, 0% used [0x00000000e3a00000,0x00000000e3a00000,0x00000000e4500000)
 ParOldGen       total 47616K, used 7586K [0x00000000a0000000, 0x00000000a2e80000, 0x00000000e0000000)
  object space 47616K, 15% used [0x00000000a0000000,0x00000000a0768aa0,0x00000000a2e80000)
 Metaspace       used 30415K, capacity 31192K, committed 31536K, reserved 1077248K
  class space    used 4088K, capacity 4339K, committed 4400K, reserved 1048576K
Event: 9.304 GC heap after
Heap after GC invocations=10 (full 1):
 PSYoungGen      total 70656K, used 8244K [0x00000000e0000000, 0x00000000e6f80000, 0x0000000100000000)
  eden space 59392K, 0% used [0x00000000e0000000,0x00000000e0000000,0x00000000e3a00000)
  from space 11264K, 73% used [0x00000000e3a00000,0x00000000e420d3c0,0x00000000e4500000)
  to   space 11776K, 0% used [0x00000000e6400000,0x00000000e6400000,0x00000000e6f80000)
 ParOldGen       total 47616K, used 7594K [0x00000000a0000000, 0x00000000a2e80000, 0x00000000e0000000)
  object space 47616K, 15% used [0x00000000a0000000,0x00000000a076aaa0,0x00000000a2e80000)
 Metaspace       used 30415K, capacity 31192K, committed 31536K, reserved 1077248K
  class space    used 4088K, capacity 4339K, committed 4400K, reserved 1048576K
}

