# JRE version: OpenJDK Runtime Environment (8.0_242-b01) (build 1.8.0_242-release-1644-b01)
# Java VM: OpenJDK 64-Bit Server VM (25.242-b01 mixed mode windows-amd64 compressed oops)
Heap:
 PSYoungGen      total 67072K, used 14290K [0x00000000e0000000, 0x00000000e4c80000, 0x0000000100000000)
  eden space 57856K, 24% used [0x00000000e0000000,0x00000000e0df4aa0,0x00000000e3880000)
  from space 9216K, 0% used [0x00000000e4380000,0x00000000e4380000,0x00000000e4c80000)
  to   space 10240K, 0% used [0x00000000e3880000,0x00000000e3880000,0x00000000e4280000)
 ParOldGen       total 77824K, used 15938K [0x00000000a0000000, 0x00000000a4c00000, 0x00000000e0000000)
  object space 77824K, 20% used [0x00000000a0000000,0x00000000a0f90870,0x00000000a4c00000)
 Metaspace       used 35467K, capacity 36558K, committed 36784K, reserved 1081344K
  class space    used 4698K, capacity 4996K, committed 5040K, reserved 1048576K
GC Heap History (10 events):
Event: 5.902 GC heap before
{Heap before GC invocations=10 (full 1):
 PSYoungGen      total 31744K, used 29379K [0x00000000e0000000, 0x00000000e5200000, 0x0000000100000000)
  eden space 26624K, 100% used [0x00000000e0000000,0x00000000e1a00000,0x00000000e1a00000)
  from space 5120K, 53% used [0x00000000e2500000,0x00000000e27b0de0,0x00000000e2a00000)
  to   space 11264K, 0% used [0x00000000e1a00000,0x00000000e1a00000,0x00000000e2500000)
 ParOldGen       total 48128K, used 7277K [0x00000000a0000000, 0x00000000a2f00000, 0x00000000e0000000)
  object space 48128K, 15% used [0x00000000a0000000,0x00000000a071b7a8,0x00000000a2f00000)
 Metaspace       used 27565K, capacity 28304K, committed 28720K, reserved 1073152K
  class space    used 3813K, capacity 4041K, committed 4144K, reserved 1048576K
Event: 5.906 GC heap after
Heap after GC invocations=10 (full 1):
 PSYoungGen      total 37888K, used 5235K [0x00000000e0000000, 0x00000000e3c80000, 0x0000000100000000)
  eden space 26624K, 0% used [0x00000000e0000000,0x00000000e0000000,0x00000000e1a00000)
  from space 11264K, 46% used [0x00000000e1a00000,0x00000000e1f1cf00,0x00000000e2500000)
  to   space 10752K, 0% used [0x00000000e3200000,0x00000000e3200000,0x00000000e3c80000)
 ParOldGen       total 48128K, used 7285K [0x00000000a0000000, 0x00000000a2f00000, 0x00000000e0000000)
  object space 48128K, 15% used [0x00000000a0000000,0x00000000a071d7a8,0x00000000a2f00000)
 Metaspace       used 27565K, capacity 28304K, committed 28720K, reserved 1073152K
  class space    used 3813K, capacity 4041K, committed 4144K, reserved 1048576K
}
Event: 6.244 GC heap before
{Heap before GC invocations=11 (full 1):
 PSYoungGen      total 37888K, used 31859K [0x00000000e0000000, 0x00000000e3c80000, 0x0000000100000000)
  eden space 26624K, 100% used [0x00000000e0000000,0x00000000e1a00000,0x00000000e1a00000)
  from space 11264K, 46% used [0x00000000e1a00000,0x00000000e1f1cf00,0x00000000e2500000)
  to   space 10752K, 0% used [0x00000000e3200000,0x00000000e3200000,0x00000000e3c80000)
 ParOldGen       total 48128K, used 7285K [0x00000000a0000000, 0x00000000a2f00000, 0x00000000e0000000)
  object space 48128K, 15% used [0x00000000a0000000,0x00000000a071d7a8,0x00000000a2f00000)
 Metaspace       used 30177K, capacity 30962K, committed 31280K, reserved 1077248K
  class space    used 4058K, capacity 4306K, committed 4400K, reserved 1048576K
Event: 6.249 GC heap after
Heap after GC invocations=11 (full 1):
 PSYoungGen      total 49152K, used 4781K [0x00000000e0000000, 0x00000000e3b00000, 0x0000000100000000)
  eden space 39936K, 0% used [0x00000000e0000000,0x00000000e0000000,0x00000000e2700000)
  from space 9216K, 51% used [0x00000000e3200000,0x00000000e36ab588,0x00000000e3b00000)
  to   space 10240K, 0% used [0x00000000e2700000,0x00000000e2700000,0x00000000e3100000)
 ParOldGen       total 48128K, used 7970K [0x00000000a0000000, 0x00000000a2f00000, 0x00000000e0000000)
  object space 48128K, 16% used [0x00000000a0000000,0x00000000a07c8a90,0x00000000a2f00000)
 Metaspace       used 30177K, capacity 30962K, committed 31280K, reserved 1077248K
  class space    used 4058K, capacity 4306K, committed 4400K, reserved 1048576K
}
Event: 7.350 GC heap before
{Heap before GC invocations=12 (full 1):
 PSYoungGen      total 49152K, used 44717K [0x00000000e0000000, 0x00000000e3b00000, 0x0000000100000000)
  eden space 39936K, 100% used [0x00000000e0000000,0x00000000e2700000,0x00000000e2700000)
  from space 9216K, 51% used [0x00000000e3200000,0x00000000e36ab588,0x00000000e3b00000)
  to   space 10240K, 0% used [0x00000000e2700000,0x00000000e2700000,0x00000000e3100000)
 ParOldGen       total 48128K, used 7970K [0x00000000a0000000, 0x00000000a2f00000, 0x00000000e0000000)
  object space 48128K, 16% used [0x00000000a0000000,0x00000000a07c8a90,0x00000000a2f00000)
 Metaspace       used 32046K, capacity 32876K, committed 33072K, reserved 1077248K
  class space    used 4339K, capacity 4586K, committed 4656K, reserved 1048576K
Event: 7.357 GC heap after
Heap after GC invocations=12 (full 1):
 PSYoungGen      total 50176K, used 3541K [0x00000000e0000000, 0x00000000e4d80000, 0x0000000100000000)
  eden space 39936K, 0% used [0x00000000e0000000,0x00000000e0000000,0x00000000e2700000)
  from space 10240K, 34% used [0x00000000e2700000,0x00000000e2a75720,0x00000000e3100000)
  to   space 10240K, 0% used [0x00000000e4380000,0x00000000e4380000,0x00000000e4d80000)
 ParOldGen       total 48128K, used 11214K [0x00000000a0000000, 0x00000000a2f00000, 0x00000000e0000000)
  object space 48128K, 23% used [0x00000000a0000000,0x00000000a0af3ac0,0x00000000a2f00000)
 Metaspace       used 32046K, capacity 32876K, committed 33072K, reserved 1077248K
  class space    used 4339K, capacity 4586K, committed 4656K, reserved 1048576K
}
Event: 7.882 GC heap before
{Heap before GC invocations=13 (full 1):
 PSYoungGen      total 50176K, used 26041K [0x00000000e0000000, 0x00000000e4d80000, 0x0000000100000000)
  eden space 39936K, 56% used [0x00000000e0000000,0x00000000e15f8f50,0x00000000e2700000)
  from space 10240K, 34% used [0x00000000e2700000,0x00000000e2a75720,0x00000000e3100000)
  to   space 10240K, 0% used [0x00000000e4380000,0x00000000e4380000,0x00000000e4d80000)
 ParOldGen       total 48128K, used 11214K [0x00000000a0000000, 0x00000000a2f00000, 0x00000000e0000000)
  object space 48128K, 23% used [0x00000000a0000000,0x00000000a0af3ac0,0x00000000a2f00000)
 Metaspace       used 34489K, capacity 35352K, committed 35496K, reserved 1079296K
  class space    used 4588K, capacity 4876K, committed 4912K, reserved 1048576K
Event: 7.887 GC heap after
Heap after GC invocations=13 (full 1):
 PSYoungGen      total 67072K, used 3439K [0x00000000e0000000, 0x00000000e4c80000, 0x0000000100000000)
  eden space 57856K, 0% used [0x00000000e0000000,0x00000000e0000000,0x00000000e3880000)
  from space 9216K, 37% used [0x00000000e4380000,0x00000000e46dbf78,0x00000000e4c80000)
  to   space 10240K, 0% used [0x00000000e3880000,0x00000000e3880000,0x00000000e4280000)
 ParOldGen       total 48128K, used 12981K [0x00000000a0000000, 0x00000000a2f00000, 0x00000000e0000000)
  object space 48128K, 26% used [0x00000000a0000000,0x00000000a0cad760,0x00000000a2f00000)
 Metaspace       used 34489K, capacity 35352K, committed 35496K, reserved 1079296K
  class space    used 4588K, capacity 4876K, committed 4912K, reserved 1048576K
}
Event: 7.888 GC heap before
{Heap before GC invocations=14 (full 2):
 PSYoungGen      total 67072K, used 3439K [0x00000000e0000000, 0x00000000e4c80000, 0x0000000100000000)
  eden space 57856K, 0% used [0x00000000e0000000,0x00000000e0000000,0x00000000e3880000)
  from space 9216K, 37% used [0x00000000e4380000,0x00000000e46dbf78,0x00000000e4c80000)
  to   space 10240K, 0% used [0x00000000e3880000,0x00000000e3880000,0x00000000e4280000)
 ParOldGen       total 48128K, used 12981K [0x00000000a0000000, 0x00000000a2f00000, 0x00000000e0000000)
  object space 48128K, 26% used [0x00000000a0000000,0x00000000a0cad760,0x00000000a2f00000)
 Metaspace       used 34489K, capacity 35352K, committed 35496K, reserved 1079296K
  class space    used 4588K, capacity 4876K, committed 4912K, reserved 1048576K
Event: 8.079 GC heap after
Heap after GC invocations=14 (full 2):
 PSYoungGen      total 67072K, used 0K [0x00000000e0000000, 0x00000000e4c80000, 0x0000000100000000)
  eden space 57856K, 0% used [0x00000000e0000000,0x00000000e0000000,0x00000000e3880000)
  from space 9216K, 0% used [0x00000000e4380000,0x00000000e4380000,0x00000000e4c80000)
  to   space 10240K, 0% used [0x00000000e3880000,0x00000000e3880000,0x00000000e4280000)
 ParOldGen       total 77824K, used 15938K [0x00000000a0000000, 0x00000000a4c00000, 0x00000000e0000000)
  object space 77824K, 20% used [0x00000000a0000000,0x00000000a0f90870,0x00000000a4c00000)
 Metaspace       used 34489K, capacity 35352K, committed 35496K, reserved 1079296K
  class space    used 4588K, capacity 4876K, committed 4912K, reserved 1048576K
}

