# JRE version: OpenJDK Runtime Environment (8.0_242-b01) (build 1.8.0_242-release-1644-b01)
# Java VM: OpenJDK 64-Bit Server VM (25.242-b01 mixed mode windows-amd64 compressed oops)
Heap:
 PSYoungGen      total 134144K, used 85180K [0x00000000e0000000, 0x00000000e9500000, 0x0000000100000000)
  eden space 121856K, 59% used [0x00000000e0000000,0x00000000e4730718,0x00000000e7700000)
  from space 12288K, 99% used [0x00000000e8600000,0x00000000e91fe960,0x00000000e9200000)
  to   space 15360K, 0% used [0x00000000e7700000,0x00000000e7700000,0x00000000e8600000)
 ParOldGen       total 72704K, used 18782K [0x00000000a0000000, 0x00000000a4700000, 0x00000000e0000000)
  object space 72704K, 25% used [0x00000000a0000000,0x00000000a1257a90,0x00000000a4700000)
 Metaspace       used 53182K, capacity 54896K, committed 55040K, reserved 1097728K
  class space    used 6944K, capacity 7341K, committed 7424K, reserved 1048576K
GC Heap History (10 events):
Event: 6.546 GC heap before
{Heap before GC invocations=10 (full 1):
 PSYoungGen      total 74752K, used 72557K [0x00000000e0000000, 0x00000000e8880000, 0x0000000100000000)
  eden space 64000K, 100% used [0x00000000e0000000,0x00000000e3e80000,0x00000000e3e80000)
  from space 10752K, 79% used [0x00000000e4980000,0x00000000e51db688,0x00000000e5400000)
  to   space 11264K, 0% used [0x00000000e3e80000,0x00000000e3e80000,0x00000000e4980000)
 ParOldGen       total 48128K, used 6687K [0x00000000a0000000, 0x00000000a2f00000, 0x00000000e0000000)
  object space 48128K, 13% used [0x00000000a0000000,0x00000000a0687f08,0x00000000a2f00000)
 Metaspace       used 33882K, capacity 34586K, committed 34688K, reserved 1079296K
  class space    used 4509K, capacity 4715K, committed 4736K, reserved 1048576K
Event: 6.560 GC heap after
Heap after GC invocations=10 (full 1):
 PSYoungGen      total 75264K, used 9663K [0x00000000e0000000, 0x00000000e7600000, 0x0000000100000000)
  eden space 64000K, 0% used [0x00000000e0000000,0x00000000e0000000,0x00000000e3e80000)
  from space 11264K, 85% used [0x00000000e3e80000,0x00000000e47efde8,0x00000000e4980000)
  to   space 12288K, 0% used [0x00000000e6a00000,0x00000000e6a00000,0x00000000e7600000)
 ParOldGen       total 48128K, used 6695K [0x00000000a0000000, 0x00000000a2f00000, 0x00000000e0000000)
  object space 48128K, 13% used [0x00000000a0000000,0x00000000a0689f08,0x00000000a2f00000)
 Metaspace       used 33882K, capacity 34586K, committed 34688K, reserved 1079296K
  class space    used 4509K, capacity 4715K, committed 4736K, reserved 1048576K
}
Event: 6.804 GC heap before
{Heap before GC invocations=11 (full 1):
 PSYoungGen      total 75264K, used 31592K [0x00000000e0000000, 0x00000000e7600000, 0x0000000100000000)
  eden space 64000K, 34% used [0x00000000e0000000,0x00000000e156a300,0x00000000e3e80000)
  from space 11264K, 85% used [0x00000000e3e80000,0x00000000e47efde8,0x00000000e4980000)
  to   space 12288K, 0% used [0x00000000e6a00000,0x00000000e6a00000,0x00000000e7600000)
 ParOldGen       total 48128K, used 6695K [0x00000000a0000000, 0x00000000a2f00000, 0x00000000e0000000)
  object space 48128K, 13% used [0x00000000a0000000,0x00000000a0689f08,0x00000000a2f00000)
 Metaspace       used 34768K, capacity 35386K, committed 35416K, reserved 1079296K
  class space    used 4653K, capacity 4848K, committed 4864K, reserved 1048576K
Event: 6.813 GC heap after
Heap after GC invocations=11 (full 1):
 PSYoungGen      total 108544K, used 4544K [0x00000000e0000000, 0x00000000e7600000, 0x0000000100000000)
  eden space 96256K, 0% used [0x00000000e0000000,0x00000000e0000000,0x00000000e5e00000)
  from space 12288K, 36% used [0x00000000e6a00000,0x00000000e6e70230,0x00000000e7600000)
  to   space 12288K, 0% used [0x00000000e5e00000,0x00000000e5e00000,0x00000000e6a00000)
 ParOldGen       total 48128K, used 9929K [0x00000000a0000000, 0x00000000a2f00000, 0x00000000e0000000)
  object space 48128K, 20% used [0x00000000a0000000,0x00000000a09b2748,0x00000000a2f00000)
 Metaspace       used 34768K, capacity 35386K, committed 35416K, reserved 1079296K
  class space    used 4653K, capacity 4848K, committed 4864K, reserved 1048576K
}
Event: 6.813 GC heap before
{Heap before GC invocations=12 (full 2):
 PSYoungGen      total 108544K, used 4544K [0x00000000e0000000, 0x00000000e7600000, 0x0000000100000000)
  eden space 96256K, 0% used [0x00000000e0000000,0x00000000e0000000,0x00000000e5e00000)
  from space 12288K, 36% used [0x00000000e6a00000,0x00000000e6e70230,0x00000000e7600000)
  to   space 12288K, 0% used [0x00000000e5e00000,0x00000000e5e00000,0x00000000e6a00000)
 ParOldGen       total 48128K, used 9929K [0x00000000a0000000, 0x00000000a2f00000, 0x00000000e0000000)
  object space 48128K, 20% used [0x00000000a0000000,0x00000000a09b2748,0x00000000a2f00000)
 Metaspace       used 34768K, capacity 35386K, committed 35416K, reserved 1079296K
  class space    used 4653K, capacity 4848K, committed 4864K, reserved 1048576K
Event: 6.945 GC heap after
Heap after GC invocations=12 (full 2):
 PSYoungGen      total 108544K, used 0K [0x00000000e0000000, 0x00000000e7600000, 0x0000000100000000)
  eden space 96256K, 0% used [0x00000000e0000000,0x00000000e0000000,0x00000000e5e00000)
  from space 12288K, 0% used [0x00000000e6a00000,0x00000000e6a00000,0x00000000e7600000)
  to   space 12288K, 0% used [0x00000000e5e00000,0x00000000e5e00000,0x00000000e6a00000)
 ParOldGen       total 72704K, used 14090K [0x00000000a0000000, 0x00000000a4700000, 0x00000000e0000000)
  object space 72704K, 19% used [0x00000000a0000000,0x00000000a0dc2bd8,0x00000000a4700000)
 Metaspace       used 34749K, capacity 35362K, committed 35416K, reserved 1079296K
  class space    used 4647K, capacity 4840K, committed 4864K, reserved 1048576K
}
Event: 9.150 GC heap before
{Heap before GC invocations=13 (full 2):
 PSYoungGen      total 108544K, used 96256K [0x00000000e0000000, 0x00000000e7600000, 0x0000000100000000)
  eden space 96256K, 100% used [0x00000000e0000000,0x00000000e5e00000,0x00000000e5e00000)
  from space 12288K, 0% used [0x00000000e6a00000,0x00000000e6a00000,0x00000000e7600000)
  to   space 12288K, 0% used [0x00000000e5e00000,0x00000000e5e00000,0x00000000e6a00000)
 ParOldGen       total 72704K, used 14090K [0x00000000a0000000, 0x00000000a4700000, 0x00000000e0000000)
  object space 72704K, 19% used [0x00000000a0000000,0x00000000a0dc2bd8,0x00000000a4700000)
 Metaspace       used 39066K, capacity 40324K, committed 40448K, reserved 1083392K
  class space    used 5253K, capacity 5552K, committed 5632K, reserved 1048576K
Event: 9.167 GC heap after
Heap after GC invocations=13 (full 2):
 PSYoungGen      total 108544K, used 8185K [0x00000000e0000000, 0x00000000e9200000, 0x0000000100000000)
  eden space 96256K, 0% used [0x00000000e0000000,0x00000000e0000000,0x00000000e5e00000)
  from space 12288K, 66% used [0x00000000e5e00000,0x00000000e65fe698,0x00000000e6a00000)
  to   space 12288K, 0% used [0x00000000e8600000,0x00000000e8600000,0x00000000e9200000)
 ParOldGen       total 72704K, used 14098K [0x00000000a0000000, 0x00000000a4700000, 0x00000000e0000000)
  object space 72704K, 19% used [0x00000000a0000000,0x00000000a0dc4bd8,0x00000000a4700000)
 Metaspace       used 39066K, capacity 40324K, committed 40448K, reserved 1083392K
  class space    used 5253K, capacity 5552K, committed 5632K, reserved 1048576K
}
Event: 11.018 GC heap before
{Heap before GC invocations=14 (full 2):
 PSYoungGen      total 108544K, used 104441K [0x00000000e0000000, 0x00000000e9200000, 0x0000000100000000)
  eden space 96256K, 100% used [0x00000000e0000000,0x00000000e5e00000,0x00000000e5e00000)
  from space 12288K, 66% used [0x00000000e5e00000,0x00000000e65fe698,0x00000000e6a00000)
  to   space 12288K, 0% used [0x00000000e8600000,0x00000000e8600000,0x00000000e9200000)
 ParOldGen       total 72704K, used 14098K [0x00000000a0000000, 0x00000000a4700000, 0x00000000e0000000)
  object space 72704K, 19% used [0x00000000a0000000,0x00000000a0dc4bd8,0x00000000a4700000)
 Metaspace       used 49035K, capacity 50584K, committed 50688K, reserved 1093632K
  class space    used 6506K, capacity 6881K, committed 6912K, reserved 1048576K
Event: 11.031 GC heap after
Heap after GC invocations=14 (full 2):
 PSYoungGen      total 134144K, used 12282K [0x00000000e0000000, 0x00000000e9500000, 0x0000000100000000)
  eden space 121856K, 0% used [0x00000000e0000000,0x00000000e0000000,0x00000000e7700000)
  from space 12288K, 99% used [0x00000000e8600000,0x00000000e91fe960,0x00000000e9200000)
  to   space 15360K, 0% used [0x00000000e7700000,0x00000000e7700000,0x00000000e8600000)
 ParOldGen       total 72704K, used 18782K [0x00000000a0000000, 0x00000000a4700000, 0x00000000e0000000)
  object space 72704K, 25% used [0x00000000a0000000,0x00000000a1257a90,0x00000000a4700000)
 Metaspace       used 49035K, capacity 50584K, committed 50688K, reserved 1093632K
  class space    used 6506K, capacity 6881K, committed 6912K, reserved 1048576K
}

